This file contains any messages produced by compilers while
running configure, to aid debugging if configure makes a mistake.

It was created by FULL-PACKAGE-NAME configure VERSION, which was
generated by GNU Autoconf 2.69.  Invocation command line was

  $ ./configure 

## --------- ##
## Platform. ##
## --------- ##

hostname = cong-Inspiron-3443
uname -m = x86_64
uname -r = 4.4.0-96-generic
uname -s = Linux
uname -v = #119-Ubuntu SMP Tue Sep 12 14:59:54 UTC 2017

/usr/bin/uname -p = unknown
/bin/uname -X     = unknown

/bin/arch              = unknown
/usr/bin/arch -k       = unknown
/usr/convex/getsysinfo = unknown
/usr/bin/hostinfo      = unknown
/bin/machine           = unknown
/usr/bin/oslevel       = unknown
/bin/universe          = unknown

PATH: /home/cong/bin
PATH: /home/cong/.local/bin
PATH: /usr/local/sbin
PATH: /usr/local/bin
PATH: /usr/sbin
PATH: /usr/bin
PATH: /sbin
PATH: /bin
PATH: /usr/games
PATH: /usr/local/games
PATH: /snap/bin


## ----------- ##
## Core tests. ##
## ----------- ##

configure:2206: checking for gcc
configure:2222: found /usr/bin/gcc
configure:2233: result: gcc
configure:2462: checking for C compiler version
configure:2471: gcc --version >&5
gcc (Ubuntu 5.4.1-2ubuntu1~16.04) 5.4.1 20160904
Copyright (C) 2015 Free Software Foundation, Inc.
This is free software; see the source for copying conditions.  There is NO
warranty; not even for MERCHANTABILITY or FITNESS FOR A PARTICULAR PURPOSE.

configure:2482: $? = 0
configure:2471: gcc -v >&5
Using built-in specs.
COLLECT_GCC=gcc
COLLECT_LTO_WRAPPER=/usr/lib/gcc/x86_64-linux-gnu/5/lto-wrapper
Target: x86_64-linux-gnu
Configured with: ../src/configure -v --with-pkgversion='Ubuntu 5.4.1-2ubuntu1~16.04' --with-bugurl=file:///usr/share/doc/gcc-5/README.Bugs --enable-languages=c,ada,c++,java,go,d,fortran,objc,obj-c++ --prefix=/usr --program-suffix=-5 --enable-shared --enable-linker-build-id --libexecdir=/usr/lib --without-included-gettext --enable-threads=posix --libdir=/usr/lib --enable-nls --with-sysroot=/ --enable-clocale=gnu --enable-libstdcxx-debug --enable-libstdcxx-time=yes --with-default-libstdcxx-abi=new --enable-gnu-unique-object --disable-vtable-verify --enable-libmpx --enable-plugin --with-system-zlib --disable-browser-plugin --enable-java-awt=gtk --enable-gtk-cairo --with-java-home=/usr/lib/jvm/java-1.5.0-gcj-5-amd64/jre --enable-java-home --with-jvm-root-dir=/usr/lib/jvm/java-1.5.0-gcj-5-amd64 --with-jvm-jar-dir=/usr/lib/jvm-exports/java-1.5.0-gcj-5-amd64 --with-arch-directory=amd64 --with-ecj-jar=/usr/share/java/eclipse-ecj.jar --enable-objc-gc --enable-multiarch --disable-werror --with-arch-32=i686 --with-abi=m64 --with-multilib-list=m32,m64,mx32 --enable-multilib --with-tune=generic --enable-checking=release --build=x86_64-linux-gnu --host=x86_64-linux-gnu --target=x86_64-linux-gnu
Thread model: posix
gcc version 5.4.1 20160904 (Ubuntu 5.4.1-2ubuntu1~16.04) 
configure:2482: $? = 0
configure:2471: gcc -V >&5
gcc: error: unrecognized command line option '-V'
gcc: fatal error: no input files
compilation terminated.
configure:2482: $? = 1
configure:2471: gcc -qversion >&5
gcc: error: unrecognized command line option '-qversion'
gcc: fatal error: no input files
compilation terminated.
configure:2482: $? = 1
configure:2502: checking whether the C compiler works
configure:2524: gcc    conftest.c  >&5
configure:2528: $? = 0
configure:2576: result: yes
configure:2579: checking for C compiler default output file name
configure:2581: result: a.out
configure:2587: checking for suffix of executables
configure:2594: gcc -o conftest    conftest.c  >&5
configure:2598: $? = 0
configure:2620: result: 
configure:2642: checking whether we are cross compiling
configure:2650: gcc -o conftest    conftest.c  >&5
configure:2654: $? = 0
configure:2661: ./conftest
configure:2665: $? = 0
configure:2680: result: no
configure:2685: checking for suffix of object files
configure:2707: gcc -c   conftest.c >&5
configure:2711: $? = 0
configure:2732: result: o
configure:2736: checking whether we are using the GNU C compiler
configure:2755: gcc -c   conftest.c >&5
configure:2755: $? = 0
configure:2764: result: yes
configure:2773: checking whether gcc accepts -g
configure:2793: gcc -c -g  conftest.c >&5
configure:2793: $? = 0
configure:2834: result: yes
configure:2851: checking for gcc option to accept ISO C89
configure:2914: gcc  -c -g -O2  conftest.c >&5
configure:2914: $? = 0
configure:2927: result: none needed
configure:2957: checking how to run the C preprocessor
configure:2988: gcc -E  conftest.c
configure:2988: $? = 0
configure:3002: gcc -E  conftest.c
conftest.c:9:28: fatal error: ac_nonexistent.h: No such file or directory
compilation terminated.
configure:3002: $? = 1
configure: failed program was:
| /* confdefs.h */
| #define PACKAGE_NAME "FULL-PACKAGE-NAME"
| #define PACKAGE_TARNAME "full-package-name"
| #define PACKAGE_VERSION "VERSION"
| #define PACKAGE_STRING "FULL-PACKAGE-NAME VERSION"
| #define PACKAGE_BUGREPORT "BUG-REPORT-ADDRESS"
| #define PACKAGE_URL ""
| /* end confdefs.h.  */
| #include <ac_nonexistent.h>
configure:3027: result: gcc -E
configure:3047: gcc -E  conftest.c
configure:3047: $? = 0
configure:3061: gcc -E  conftest.c
conftest.c:9:28: fatal error: ac_nonexistent.h: No such file or directory
compilation terminated.
configure:3061: $? = 1
configure: failed program was:
| /* confdefs.h */
| #define PACKAGE_NAME "FULL-PACKAGE-NAME"
| #define PACKAGE_TARNAME "full-package-name"
| #define PACKAGE_VERSION "VERSION"
| #define PACKAGE_STRING "FULL-PACKAGE-NAME VERSION"
| #define PACKAGE_BUGREPORT "BUG-REPORT-ADDRESS"
| #define PACKAGE_URL ""
| /* end confdefs.h.  */
| #include <ac_nonexistent.h>
configure:3090: checking for grep that handles long lines and -e
configure:3148: result: /bin/grep
configure:3153: checking for egrep
configure:3215: result: /bin/grep -E
configure:3220: checking for ANSI C header files
configure:3240: gcc -c -g -O2  conftest.c >&5
configure:3240: $? = 0
configure:3313: gcc -o conftest -g -O2   conftest.c  >&5
configure:3313: $? = 0
configure:3313: ./conftest
configure:3313: $? = 0
configure:3324: result: yes
configure:3337: checking for sys/types.h
configure:3337: gcc -c -g -O2  conftest.c >&5
configure:3337: $? = 0
configure:3337: result: yes
configure:3337: checking for sys/stat.h
configure:3337: gcc -c -g -O2  conftest.c >&5
configure:3337: $? = 0
configure:3337: result: yes
configure:3337: checking for stdlib.h
configure:3337: gcc -c -g -O2  conftest.c >&5
configure:3337: $? = 0
configure:3337: result: yes
configure:3337: checking for string.h
configure:3337: gcc -c -g -O2  conftest.c >&5
configure:3337: $? = 0
configure:3337: result: yes
configure:3337: checking for memory.h
configure:3337: gcc -c -g -O2  conftest.c >&5
configure:3337: $? = 0
configure:3337: result: yes
configure:3337: checking for strings.h
configure:3337: gcc -c -g -O2  conftest.c >&5
configure:3337: $? = 0
configure:3337: result: yes
configure:3337: checking for inttypes.h
configure:3337: gcc -c -g -O2  conftest.c >&5
configure:3337: $? = 0
configure:3337: result: yes
configure:3337: checking for stdint.h
configure:3337: gcc -c -g -O2  conftest.c >&5
configure:3337: $? = 0
configure:3337: result: yes
configure:3337: checking for unistd.h
configure:3337: gcc -c -g -O2  conftest.c >&5
configure:3337: $? = 0
configure:3337: result: yes
configure:3352: checking fcntl.h usability
configure:3352: gcc -c -g -O2  conftest.c >&5
configure:3352: $? = 0
configure:3352: result: yes
configure:3352: checking fcntl.h presence
configure:3352: gcc -E  conftest.c
configure:3352: $? = 0
configure:3352: result: yes
configure:3352: checking for fcntl.h
configure:3352: result: yes
configure:3352: checking for stdlib.h
configure:3352: result: yes
configure:3352: checking for string.h
configure:3352: result: yes
configure:3352: checking for unistd.h
configure:3352: result: yes
configure:3364: checking for stdbool.h that conforms to C99
configure:3431: gcc -c -g -O2  conftest.c >&5
configure:3431: $? = 0
configure:3438: result: yes
configure:3440: checking for _Bool
configure:3440: gcc -c -g -O2  conftest.c >&5
configure:3440: $? = 0
configure:3440: gcc -c -g -O2  conftest.c >&5
conftest.c: In function 'main':
conftest.c:59:20: error: expected expression before ')' token
 if (sizeof ((_Bool)))
                    ^
configure:3440: $? = 1
configure: failed program was:
| /* confdefs.h */
| #define PACKAGE_NAME "FULL-PACKAGE-NAME"
| #define PACKAGE_TARNAME "full-package-name"
| #define PACKAGE_VERSION "VERSION"
| #define PACKAGE_STRING "FULL-PACKAGE-NAME VERSION"
| #define PACKAGE_BUGREPORT "BUG-REPORT-ADDRESS"
| #define PACKAGE_URL ""
| #define STDC_HEADERS 1
| #define HAVE_SYS_TYPES_H 1
| #define HAVE_SYS_STAT_H 1
| #define HAVE_STDLIB_H 1
| #define HAVE_STRING_H 1
| #define HAVE_MEMORY_H 1
| #define HAVE_STRINGS_H 1
| #define HAVE_INTTYPES_H 1
| #define HAVE_STDINT_H 1
| #define HAVE_UNISTD_H 1
| #define HAVE_FCNTL_H 1
| #define HAVE_STDLIB_H 1
| #define HAVE_STRING_H 1
| #define HAVE_UNISTD_H 1
| /* end confdefs.h.  */
| #include <stdio.h>
| #ifdef HAVE_SYS_TYPES_H
| # include <sys/types.h>
| #endif
| #ifdef HAVE_SYS_STAT_H
| # include <sys/stat.h>
| #endif
| #ifdef STDC_HEADERS
| # include <stdlib.h>
| # include <stddef.h>
| #else
| # ifdef HAVE_STDLIB_H
| #  include <stdlib.h>
| # endif
| #endif
| #ifdef HAVE_STRING_H
| # if !defined STDC_HEADERS && defined HAVE_MEMORY_H
| #  include <memory.h>
| # endif
| # include <string.h>
| #endif
| #ifdef HAVE_STRINGS_H
| # include <strings.h>
| #endif
| #ifdef HAVE_INTTYPES_H
| # include <inttypes.h>
| #endif
| #ifdef HAVE_STDINT_H
| # include <stdint.h>
| #endif
| #ifdef HAVE_UNISTD_H
| # include <unistd.h>
| #endif
| int
| main ()
| {
| if (sizeof ((_Bool)))
| 	    return 0;
|   ;
|   return 0;
| }
configure:3440: result: yes
configure:3455: checking for stdlib.h
configure:3455: result: yes
configure:3465: checking for GNU libc compatible malloc
configure:3489: gcc -o conftest -g -O2   conftest.c  >&5
configure:3489: $? = 0
configure:3489: ./conftest
configure:3489: $? = 0
configure:3499: result: yes
configure:3523: checking for memset
configure:3523: gcc -o conftest -g -O2   conftest.c  >&5
conftest.c:49:6: warning: conflicting types for built-in function 'memset'
 char memset ();
      ^
configure:3523: $? = 0
configure:3523: result: yes
configure:3523: checking for strchr
configure:3523: gcc -o conftest -g -O2   conftest.c  >&5
conftest.c:50:6: warning: conflicting types for built-in function 'strchr'
 char strchr ();
      ^
configure:3523: $? = 0
configure:3523: result: yes
configure:3523: checking for strdup
configure:3523: gcc -o conftest -g -O2   conftest.c  >&5
conftest.c:51:6: warning: conflicting types for built-in function 'strdup'
 char strdup ();
      ^
configure:3523: $? = 0
configure:3523: result: yes
configure:3647: creating ./config.status

## ---------------------- ##
## Running config.status. ##
## ---------------------- ##

This file was extended by FULL-PACKAGE-NAME config.status VERSION, which was
generated by GNU Autoconf 2.69.  Invocation command line was

  CONFIG_FILES    = 
  CONFIG_HEADERS  = 
  CONFIG_LINKS    = 
  CONFIG_COMMANDS = 
  $ ./config.status 

on cong-Inspiron-3443

config.status:684: creating config.h
config.status:774: config.h is unchanged

## ---------------- ##
## Cache variables. ##
## ---------------- ##

ac_cv_c_compiler_gnu=yes
ac_cv_env_CC_set=
ac_cv_env_CC_value=
ac_cv_env_CFLAGS_set=
ac_cv_env_CFLAGS_value=
ac_cv_env_CPPFLAGS_set=
ac_cv_env_CPPFLAGS_value=
ac_cv_env_CPP_set=
ac_cv_env_CPP_value=
ac_cv_env_LDFLAGS_set=
ac_cv_env_LDFLAGS_value=
ac_cv_env_LIBS_set=
ac_cv_env_LIBS_value=
ac_cv_env_build_alias_set=
ac_cv_env_build_alias_value=
ac_cv_env_host_alias_set=
ac_cv_env_host_alias_value=
ac_cv_env_target_alias_set=
ac_cv_env_target_alias_value=
ac_cv_func_malloc_0_nonnull=yes
ac_cv_func_memset=yes
ac_cv_func_strchr=yes
ac_cv_func_strdup=yes
ac_cv_header_fcntl_h=yes
ac_cv_header_inttypes_h=yes
ac_cv_header_memory_h=yes
ac_cv_header_stdbool_h=yes
ac_cv_header_stdc=yes
ac_cv_header_stdint_h=yes
ac_cv_header_stdlib_h=yes
ac_cv_header_string_h=yes
ac_cv_header_strings_h=yes
ac_cv_header_sys_stat_h=yes
ac_cv_header_sys_types_h=yes
ac_cv_header_unistd_h=yes
ac_cv_objext=o
ac_cv_path_EGREP='/bin/grep -E'
ac_cv_path_GREP=/bin/grep
ac_cv_prog_CPP='gcc -E'
ac_cv_prog_ac_ct_CC=gcc
ac_cv_prog_cc_c89=
ac_cv_prog_cc_g=yes
ac_cv_type__Bool=yes

## ----------------- ##
## Output variables. ##
## ----------------- ##

CC='gcc'
CFLAGS='-g -O2'
CPP='gcc -E'
CPPFLAGS=''
DEFS='-DHAVE_CONFIG_H'
ECHO_C=''
ECHO_N='-n'
ECHO_T=''
EGREP='/bin/grep -E'
EXEEXT=''
GREP='/bin/grep'
LDFLAGS=''
LIBOBJS=''
LIBS=''
LTLIBOBJS=''
OBJEXT='o'
PACKAGE_BUGREPORT='BUG-REPORT-ADDRESS'
PACKAGE_NAME='FULL-PACKAGE-NAME'
PACKAGE_STRING='FULL-PACKAGE-NAME VERSION'
PACKAGE_TARNAME='full-package-name'
PACKAGE_URL=''
PACKAGE_VERSION='VERSION'
PATH_SEPARATOR=':'
SHELL='/bin/bash'
ac_ct_CC='gcc'
bindir='${exec_prefix}/bin'
build_alias=''
datadir='${datarootdir}'
datarootdir='${prefix}/share'
docdir='${datarootdir}/doc/${PACKAGE_TARNAME}'
dvidir='${docdir}'
exec_prefix='${prefix}'
host_alias=''
htmldir='${docdir}'
includedir='${prefix}/include'
infodir='${datarootdir}/info'
libdir='${exec_prefix}/lib'
libexecdir='${exec_prefix}/libexec'
localedir='${datarootdir}/locale'
localstatedir='${prefix}/var'
mandir='${datarootdir}/man'
oldincludedir='/usr/include'
pdfdir='${docdir}'
prefix='/usr/local'
program_transform_name='s,x,x,'
psdir='${docdir}'
runstatedir='${localstatedir}/run'
sbindir='${exec_prefix}/sbin'
sharedstatedir='${prefix}/com'
sysconfdir='${prefix}/etc'
target_alias=''

## ----------- ##
## confdefs.h. ##
## ----------- ##

/* confdefs.h */
#define PACKAGE_NAME "FULL-PACKAGE-NAME"
#define PACKAGE_TARNAME "full-package-name"
#define PACKAGE_VERSION "VERSION"
#define PACKAGE_STRING "FULL-PACKAGE-NAME VERSION"
#define PACKAGE_BUGREPORT "BUG-REPORT-ADDRESS"
#define PACKAGE_URL ""
#define STDC_HEADERS 1
#define HAVE_SYS_TYPES_H 1
#define HAVE_SYS_STAT_H 1
#define HAVE_STDLIB_H 1
#define HAVE_STRING_H 1
#define HAVE_MEMORY_H 1
#define HAVE_STRINGS_H 1
#define HAVE_INTTYPES_H 1
#define HAVE_STDINT_H 1
#define HAVE_UNISTD_H 1
#define HAVE_FCNTL_H 1
#define HAVE_STDLIB_H 1
#define HAVE_STRING_H 1
#define HAVE_UNISTD_H 1
#define HAVE__BOOL 1
#define HAVE_STDLIB_H 1
#define HAVE_MALLOC 1
#define HAVE_MEMSET 1
#define HAVE_STRCHR 1
#define HAVE_STRDUP 1

configure: exit 0
