This file contains any messages produced by compilers while
running configure, to aid debugging if configure makes a mistake.

It was created by utillib configure 0.0.1, which was
generated by GNU Autoconf 2.69.  Invocation command line was

  $ ./configure --enable-shared

## --------- ##
## Platform. ##
## --------- ##

hostname = cgsdfc
uname -m = x86_64
uname -r = 4.10.0-38-generic
uname -s = Linux
uname -v = #42~16.04.1-Ubuntu SMP Tue Oct 10 16:32:20 UTC 2017

/usr/bin/uname -p = unknown
/bin/uname -X     = unknown

/bin/arch              = unknown
/usr/bin/arch -k       = unknown
/usr/convex/getsysinfo = unknown
/usr/bin/hostinfo      = unknown
/bin/machine           = unknown
/usr/bin/oslevel       = unknown
/bin/universe          = unknown

PATH: /home/cgsdfc/bin
PATH: /home/cgsdfc/.local/bin
PATH: /usr/local/sbin
PATH: /usr/local/bin
PATH: /usr/sbin
PATH: /usr/bin
PATH: /sbin
PATH: /bin
PATH: /usr/games
PATH: /usr/local/games
PATH: /snap/bin


## ----------- ##
## Core tests. ##
## ----------- ##

configure:2477: checking for g++
configure:2493: found /usr/bin/g++
configure:2504: result: g++
configure:2531: checking for C++ compiler version
configure:2540: g++ --version >&5
g++ (Ubuntu 5.4.0-6ubuntu1~16.04.5) 5.4.0 20160609
Copyright (C) 2015 Free Software Foundation, Inc.
This is free software; see the source for copying conditions.  There is NO
warranty; not even for MERCHANTABILITY or FITNESS FOR A PARTICULAR PURPOSE.

configure:2551: $? = 0
configure:2540: g++ -v >&5
Using built-in specs.
COLLECT_GCC=g++
COLLECT_LTO_WRAPPER=/usr/lib/gcc/x86_64-linux-gnu/5/lto-wrapper
Target: x86_64-linux-gnu
Configured with: ../src/configure -v --with-pkgversion='Ubuntu 5.4.0-6ubuntu1~16.04.5' --with-bugurl=file:///usr/share/doc/gcc-5/README.Bugs --enable-languages=c,ada,c++,java,go,d,fortran,objc,obj-c++ --prefix=/usr --program-suffix=-5 --enable-shared --enable-linker-build-id --libexecdir=/usr/lib --without-included-gettext --enable-threads=posix --libdir=/usr/lib --enable-nls --with-sysroot=/ --enable-clocale=gnu --enable-libstdcxx-debug --enable-libstdcxx-time=yes --with-default-libstdcxx-abi=new --enable-gnu-unique-object --disable-vtable-verify --enable-libmpx --enable-plugin --with-system-zlib --disable-browser-plugin --enable-java-awt=gtk --enable-gtk-cairo --with-java-home=/usr/lib/jvm/java-1.5.0-gcj-5-amd64/jre --enable-java-home --with-jvm-root-dir=/usr/lib/jvm/java-1.5.0-gcj-5-amd64 --with-jvm-jar-dir=/usr/lib/jvm-exports/java-1.5.0-gcj-5-amd64 --with-arch-directory=amd64 --with-ecj-jar=/usr/share/java/eclipse-ecj.jar --enable-objc-gc --enable-multiarch --disable-werror --with-arch-32=i686 --with-abi=m64 --with-multilib-list=m32,m64,mx32 --enable-multilib --with-tune=generic --enable-checking=release --build=x86_64-linux-gnu --host=x86_64-linux-gnu --target=x86_64-linux-gnu
Thread model: posix
gcc version 5.4.0 20160609 (Ubuntu 5.4.0-6ubuntu1~16.04.5) 
configure:2551: $? = 0
configure:2540: g++ -V >&5
g++: error: unrecognized command line option '-V'
g++: fatal error: no input files
compilation terminated.
configure:2551: $? = 1
configure:2540: g++ -qversion >&5
g++: error: unrecognized command line option '-qversion'
g++: fatal error: no input files
compilation terminated.
configure:2551: $? = 1
configure:2571: checking whether the C++ compiler works
configure:2593: g++    conftest.cpp  >&5
configure:2597: $? = 0
configure:2645: result: yes
configure:2648: checking for C++ compiler default output file name
configure:2650: result: a.out
configure:2656: checking for suffix of executables
configure:2663: g++ -o conftest    conftest.cpp  >&5
configure:2667: $? = 0
configure:2689: result: 
configure:2711: checking whether we are cross compiling
configure:2719: g++ -o conftest    conftest.cpp  >&5
configure:2723: $? = 0
configure:2730: ./conftest
configure:2734: $? = 0
configure:2749: result: no
configure:2754: checking for suffix of object files
configure:2776: g++ -c   conftest.cpp >&5
configure:2780: $? = 0
configure:2801: result: o
configure:2805: checking whether we are using the GNU C++ compiler
configure:2824: g++ -c   conftest.cpp >&5
configure:2824: $? = 0
configure:2833: result: yes
configure:2842: checking whether g++ accepts -g
configure:2862: g++ -c -g  conftest.cpp >&5
configure:2862: $? = 0
configure:2903: result: yes
configure:2930: checking for gawk
configure:2960: result: no
configure:2930: checking for mawk
configure:2946: found /usr/bin/mawk
configure:2957: result: mawk
configure:3016: checking for gcc
configure:3032: found /usr/bin/gcc
configure:3043: result: gcc
configure:3272: checking for C compiler version
configure:3281: gcc --version >&5
gcc (Ubuntu 5.4.0-6ubuntu1~16.04.5) 5.4.0 20160609
Copyright (C) 2015 Free Software Foundation, Inc.
This is free software; see the source for copying conditions.  There is NO
warranty; not even for MERCHANTABILITY or FITNESS FOR A PARTICULAR PURPOSE.

configure:3292: $? = 0
configure:3281: gcc -v >&5
Using built-in specs.
COLLECT_GCC=gcc
COLLECT_LTO_WRAPPER=/usr/lib/gcc/x86_64-linux-gnu/5/lto-wrapper
Target: x86_64-linux-gnu
Configured with: ../src/configure -v --with-pkgversion='Ubuntu 5.4.0-6ubuntu1~16.04.5' --with-bugurl=file:///usr/share/doc/gcc-5/README.Bugs --enable-languages=c,ada,c++,java,go,d,fortran,objc,obj-c++ --prefix=/usr --program-suffix=-5 --enable-shared --enable-linker-build-id --libexecdir=/usr/lib --without-included-gettext --enable-threads=posix --libdir=/usr/lib --enable-nls --with-sysroot=/ --enable-clocale=gnu --enable-libstdcxx-debug --enable-libstdcxx-time=yes --with-default-libstdcxx-abi=new --enable-gnu-unique-object --disable-vtable-verify --enable-libmpx --enable-plugin --with-system-zlib --disable-browser-plugin --enable-java-awt=gtk --enable-gtk-cairo --with-java-home=/usr/lib/jvm/java-1.5.0-gcj-5-amd64/jre --enable-java-home --with-jvm-root-dir=/usr/lib/jvm/java-1.5.0-gcj-5-amd64 --with-jvm-jar-dir=/usr/lib/jvm-exports/java-1.5.0-gcj-5-amd64 --with-arch-directory=amd64 --with-ecj-jar=/usr/share/java/eclipse-ecj.jar --enable-objc-gc --enable-multiarch --disable-werror --with-arch-32=i686 --with-abi=m64 --with-multilib-list=m32,m64,mx32 --enable-multilib --with-tune=generic --enable-checking=release --build=x86_64-linux-gnu --host=x86_64-linux-gnu --target=x86_64-linux-gnu
Thread model: posix
gcc version 5.4.0 20160609 (Ubuntu 5.4.0-6ubuntu1~16.04.5) 
configure:3292: $? = 0
configure:3281: gcc -V >&5
gcc: error: unrecognized command line option '-V'
gcc: fatal error: no input files
compilation terminated.
configure:3292: $? = 1
configure:3281: gcc -qversion >&5
gcc: error: unrecognized command line option '-qversion'
gcc: fatal error: no input files
compilation terminated.
configure:3292: $? = 1
configure:3296: checking whether we are using the GNU C compiler
configure:3315: gcc -c   conftest.c >&5
configure:3315: $? = 0
configure:3324: result: yes
configure:3333: checking whether gcc accepts -g
configure:3353: gcc -c -g  conftest.c >&5
configure:3353: $? = 0
configure:3394: result: yes
configure:3411: checking for gcc option to accept ISO C89
configure:3474: gcc  -c -g -O2  conftest.c >&5
configure:3474: $? = 0
configure:3487: result: none needed
configure:3544: checking whether gcc understands -c and -o together
configure:3566: gcc -c conftest.c -o conftest2.o
configure:3569: $? = 0
configure:3566: gcc -c conftest.c -o conftest2.o
configure:3569: $? = 0
configure:3581: result: yes
configure:3603: checking how to run the C preprocessor
configure:3634: gcc -E  conftest.c
configure:3634: $? = 0
configure:3648: gcc -E  conftest.c
conftest.c:9:28: fatal error: ac_nonexistent.h: No such file or directory
compilation terminated.
configure:3648: $? = 1
configure: failed program was:
| /* confdefs.h */
| #define PACKAGE_NAME "utillib"
| #define PACKAGE_TARNAME "utillib"
| #define PACKAGE_VERSION "0.0.1"
| #define PACKAGE_STRING "utillib 0.0.1"
| #define PACKAGE_BUGREPORT "cgsdfc@126.com"
| #define PACKAGE_URL ""
| /* end confdefs.h.  */
| #include <ac_nonexistent.h>
configure:3673: result: gcc -E
configure:3693: gcc -E  conftest.c
configure:3693: $? = 0
configure:3707: gcc -E  conftest.c
conftest.c:9:28: fatal error: ac_nonexistent.h: No such file or directory
compilation terminated.
configure:3707: $? = 1
configure: failed program was:
| /* confdefs.h */
| #define PACKAGE_NAME "utillib"
| #define PACKAGE_TARNAME "utillib"
| #define PACKAGE_VERSION "0.0.1"
| #define PACKAGE_STRING "utillib 0.0.1"
| #define PACKAGE_BUGREPORT "cgsdfc@126.com"
| #define PACKAGE_URL ""
| /* end confdefs.h.  */
| #include <ac_nonexistent.h>
configure:3749: checking for a BSD-compatible install
configure:3817: result: /usr/bin/install -c
configure:3828: checking whether ln -s works
configure:3832: result: yes
configure:3839: checking whether make sets $(MAKE)
configure:3861: result: yes
configure:3913: checking for ranlib
configure:3929: found /usr/bin/ranlib
configure:3940: result: ranlib
configure:4010: checking for gcc
configure:4037: result: gcc
configure:4266: checking for C compiler version
configure:4275: gcc --version >&5
gcc (Ubuntu 5.4.0-6ubuntu1~16.04.5) 5.4.0 20160609
Copyright (C) 2015 Free Software Foundation, Inc.
This is free software; see the source for copying conditions.  There is NO
warranty; not even for MERCHANTABILITY or FITNESS FOR A PARTICULAR PURPOSE.

configure:4286: $? = 0
configure:4275: gcc -v >&5
Using built-in specs.
COLLECT_GCC=gcc
COLLECT_LTO_WRAPPER=/usr/lib/gcc/x86_64-linux-gnu/5/lto-wrapper
Target: x86_64-linux-gnu
Configured with: ../src/configure -v --with-pkgversion='Ubuntu 5.4.0-6ubuntu1~16.04.5' --with-bugurl=file:///usr/share/doc/gcc-5/README.Bugs --enable-languages=c,ada,c++,java,go,d,fortran,objc,obj-c++ --prefix=/usr --program-suffix=-5 --enable-shared --enable-linker-build-id --libexecdir=/usr/lib --without-included-gettext --enable-threads=posix --libdir=/usr/lib --enable-nls --with-sysroot=/ --enable-clocale=gnu --enable-libstdcxx-debug --enable-libstdcxx-time=yes --with-default-libstdcxx-abi=new --enable-gnu-unique-object --disable-vtable-verify --enable-libmpx --enable-plugin --with-system-zlib --disable-browser-plugin --enable-java-awt=gtk --enable-gtk-cairo --with-java-home=/usr/lib/jvm/java-1.5.0-gcj-5-amd64/jre --enable-java-home --with-jvm-root-dir=/usr/lib/jvm/java-1.5.0-gcj-5-amd64 --with-jvm-jar-dir=/usr/lib/jvm-exports/java-1.5.0-gcj-5-amd64 --with-arch-directory=amd64 --with-ecj-jar=/usr/share/java/eclipse-ecj.jar --enable-objc-gc --enable-multiarch --disable-werror --with-arch-32=i686 --with-abi=m64 --with-multilib-list=m32,m64,mx32 --enable-multilib --with-tune=generic --enable-checking=release --build=x86_64-linux-gnu --host=x86_64-linux-gnu --target=x86_64-linux-gnu
Thread model: posix
gcc version 5.4.0 20160609 (Ubuntu 5.4.0-6ubuntu1~16.04.5) 
configure:4286: $? = 0
configure:4275: gcc -V >&5
gcc: error: unrecognized command line option '-V'
gcc: fatal error: no input files
compilation terminated.
configure:4286: $? = 1
configure:4275: gcc -qversion >&5
gcc: error: unrecognized command line option '-qversion'
gcc: fatal error: no input files
compilation terminated.
configure:4286: $? = 1
configure:4290: checking whether we are using the GNU C compiler
configure:4318: result: yes
configure:4327: checking whether gcc accepts -g
configure:4388: result: yes
configure:4405: checking for gcc option to accept ISO C89
configure:4481: result: none needed
configure:4506: checking whether gcc understands -c and -o together
configure:4543: result: yes
configure:4566: checking for grep that handles long lines and -e
configure:4624: result: /bin/grep
configure:4629: checking for egrep
configure:4691: result: /bin/grep -E
configure:4696: checking for ANSI C header files
configure:4716: gcc -c -g -O2  conftest.c >&5
configure:4716: $? = 0
configure:4789: gcc -o conftest -g -O2   conftest.c  >&5
configure:4789: $? = 0
configure:4789: ./conftest
configure:4789: $? = 0
configure:4800: result: yes
configure:4813: checking for sys/types.h
configure:4813: gcc -c -g -O2  conftest.c >&5
configure:4813: $? = 0
configure:4813: result: yes
configure:4813: checking for sys/stat.h
configure:4813: gcc -c -g -O2  conftest.c >&5
configure:4813: $? = 0
configure:4813: result: yes
configure:4813: checking for stdlib.h
configure:4813: gcc -c -g -O2  conftest.c >&5
configure:4813: $? = 0
configure:4813: result: yes
configure:4813: checking for string.h
configure:4813: gcc -c -g -O2  conftest.c >&5
configure:4813: $? = 0
configure:4813: result: yes
configure:4813: checking for memory.h
configure:4813: gcc -c -g -O2  conftest.c >&5
configure:4813: $? = 0
configure:4813: result: yes
configure:4813: checking for strings.h
configure:4813: gcc -c -g -O2  conftest.c >&5
configure:4813: $? = 0
configure:4813: result: yes
configure:4813: checking for inttypes.h
configure:4813: gcc -c -g -O2  conftest.c >&5
configure:4813: $? = 0
configure:4813: result: yes
configure:4813: checking for stdint.h
configure:4813: gcc -c -g -O2  conftest.c >&5
configure:4813: $? = 0
configure:4813: result: yes
configure:4813: checking for unistd.h
configure:4813: gcc -c -g -O2  conftest.c >&5
configure:4813: $? = 0
configure:4813: result: yes
configure:4828: checking float.h usability
configure:4828: gcc -c -g -O2  conftest.c >&5
configure:4828: $? = 0
configure:4828: result: yes
configure:4828: checking float.h presence
configure:4828: gcc -E  conftest.c
configure:4828: $? = 0
configure:4828: result: yes
configure:4828: checking for float.h
configure:4828: result: yes
configure:4828: checking stddef.h usability
configure:4828: gcc -c -g -O2  conftest.c >&5
configure:4828: $? = 0
configure:4828: result: yes
configure:4828: checking stddef.h presence
configure:4828: gcc -E  conftest.c
configure:4828: $? = 0
configure:4828: result: yes
configure:4828: checking for stddef.h
configure:4828: result: yes
configure:4828: checking for stdlib.h
configure:4828: result: yes
configure:4828: checking for string.h
configure:4828: result: yes
configure:4840: checking for stdbool.h that conforms to C99
configure:4907: gcc -c -g -O2  conftest.c >&5
configure:4907: $? = 0
configure:4914: result: yes
configure:4916: checking for _Bool
configure:4916: gcc -c -g -O2  conftest.c >&5
configure:4916: $? = 0
configure:4916: gcc -c -g -O2  conftest.c >&5
conftest.c: In function 'main':
conftest.c:59:20: error: expected expression before ')' token
 if (sizeof ((_Bool)))
                    ^
configure:4916: $? = 1
configure: failed program was:
| /* confdefs.h */
| #define PACKAGE_NAME "utillib"
| #define PACKAGE_TARNAME "utillib"
| #define PACKAGE_VERSION "0.0.1"
| #define PACKAGE_STRING "utillib 0.0.1"
| #define PACKAGE_BUGREPORT "cgsdfc@126.com"
| #define PACKAGE_URL ""
| #define STDC_HEADERS 1
| #define HAVE_SYS_TYPES_H 1
| #define HAVE_SYS_STAT_H 1
| #define HAVE_STDLIB_H 1
| #define HAVE_STRING_H 1
| #define HAVE_MEMORY_H 1
| #define HAVE_STRINGS_H 1
| #define HAVE_INTTYPES_H 1
| #define HAVE_STDINT_H 1
| #define HAVE_UNISTD_H 1
| #define HAVE_FLOAT_H 1
| #define HAVE_STDDEF_H 1
| #define HAVE_STDLIB_H 1
| #define HAVE_STRING_H 1
| /* end confdefs.h.  */
| #include <stdio.h>
| #ifdef HAVE_SYS_TYPES_H
| # include <sys/types.h>
| #endif
| #ifdef HAVE_SYS_STAT_H
| # include <sys/stat.h>
| #endif
| #ifdef STDC_HEADERS
| # include <stdlib.h>
| # include <stddef.h>
| #else
| # ifdef HAVE_STDLIB_H
| #  include <stdlib.h>
| # endif
| #endif
| #ifdef HAVE_STRING_H
| # if !defined STDC_HEADERS && defined HAVE_MEMORY_H
| #  include <memory.h>
| # endif
| # include <string.h>
| #endif
| #ifdef HAVE_STRINGS_H
| # include <strings.h>
| #endif
| #ifdef HAVE_INTTYPES_H
| # include <inttypes.h>
| #endif
| #ifdef HAVE_STDINT_H
| # include <stdint.h>
| #endif
| #ifdef HAVE_UNISTD_H
| # include <unistd.h>
| #endif
| int
| main ()
| {
| if (sizeof ((_Bool)))
| 	    return 0;
|   ;
|   return 0;
| }
configure:4916: result: yes
configure:4927: checking for inline
configure:4943: gcc -c -g -O2  conftest.c >&5
configure:4943: $? = 0
configure:4951: result: inline
configure:4969: checking for size_t
configure:4969: gcc -c -g -O2  conftest.c >&5
configure:4969: $? = 0
configure:4969: gcc -c -g -O2  conftest.c >&5
conftest.c: In function 'main':
conftest.c:60:21: error: expected expression before ')' token
 if (sizeof ((size_t)))
                     ^
configure:4969: $? = 1
configure: failed program was:
| /* confdefs.h */
| #define PACKAGE_NAME "utillib"
| #define PACKAGE_TARNAME "utillib"
| #define PACKAGE_VERSION "0.0.1"
| #define PACKAGE_STRING "utillib 0.0.1"
| #define PACKAGE_BUGREPORT "cgsdfc@126.com"
| #define PACKAGE_URL ""
| #define STDC_HEADERS 1
| #define HAVE_SYS_TYPES_H 1
| #define HAVE_SYS_STAT_H 1
| #define HAVE_STDLIB_H 1
| #define HAVE_STRING_H 1
| #define HAVE_MEMORY_H 1
| #define HAVE_STRINGS_H 1
| #define HAVE_INTTYPES_H 1
| #define HAVE_STDINT_H 1
| #define HAVE_UNISTD_H 1
| #define HAVE_FLOAT_H 1
| #define HAVE_STDDEF_H 1
| #define HAVE_STDLIB_H 1
| #define HAVE_STRING_H 1
| #define HAVE__BOOL 1
| /* end confdefs.h.  */
| #include <stdio.h>
| #ifdef HAVE_SYS_TYPES_H
| # include <sys/types.h>
| #endif
| #ifdef HAVE_SYS_STAT_H
| # include <sys/stat.h>
| #endif
| #ifdef STDC_HEADERS
| # include <stdlib.h>
| # include <stddef.h>
| #else
| # ifdef HAVE_STDLIB_H
| #  include <stdlib.h>
| # endif
| #endif
| #ifdef HAVE_STRING_H
| # if !defined STDC_HEADERS && defined HAVE_MEMORY_H
| #  include <memory.h>
| # endif
| # include <string.h>
| #endif
| #ifdef HAVE_STRINGS_H
| # include <strings.h>
| #endif
| #ifdef HAVE_INTTYPES_H
| # include <inttypes.h>
| #endif
| #ifdef HAVE_STDINT_H
| # include <stdint.h>
| #endif
| #ifdef HAVE_UNISTD_H
| # include <unistd.h>
| #endif
| int
| main ()
| {
| if (sizeof ((size_t)))
| 	    return 0;
|   ;
|   return 0;
| }
configure:4969: result: yes
configure:4984: checking for stdlib.h
configure:4984: result: yes
configure:4994: checking for GNU libc compatible malloc
configure:5018: gcc -o conftest -g -O2   conftest.c  >&5
configure:5018: $? = 0
configure:5018: ./conftest
configure:5018: $? = 0
configure:5028: result: yes
configure:5051: checking for stdlib.h
configure:5051: result: yes
configure:5061: checking for GNU libc compatible realloc
configure:5085: gcc -o conftest -g -O2   conftest.c  >&5
configure:5085: $? = 0
configure:5085: ./conftest
configure:5085: $? = 0
configure:5095: result: yes
configure:5119: checking for memset
configure:5119: gcc -o conftest -g -O2   conftest.c  >&5
conftest.c:51:6: warning: conflicting types for built-in function 'memset'
 char memset ();
      ^
configure:5119: $? = 0
configure:5119: result: yes
configure:5119: checking for strdup
configure:5119: gcc -o conftest -g -O2   conftest.c  >&5
conftest.c:52:6: warning: conflicting types for built-in function 'strdup'
 char strdup ();
      ^
configure:5119: $? = 0
configure:5119: result: yes
configure:5119: checking for strerror
configure:5119: gcc -o conftest -g -O2   conftest.c  >&5
configure:5119: $? = 0
configure:5119: result: yes
configure:5131: checking whether build environment is sane
configure:5186: result: yes
configure:5334: checking for a thread-safe mkdir -p
configure:5373: result: /bin/mkdir -p
configure:5397: checking for style of include used by make
configure:5425: result: GNU
configure:5459: checking whether make supports nested variables
configure:5476: result: yes
configure:5561: checking dependency style of gcc
configure:5672: result: gcc3
configure:5689: checking dependency style of g++
configure:5800: result: gcc3
configure:5891: checking build system type
configure:5905: result: x86_64-pc-linux-gnu
configure:5925: checking host system type
configure:5938: result: x86_64-pc-linux-gnu
configure:5979: checking how to print strings
configure:6006: result: printf
configure:6027: checking for a sed that does not truncate output
configure:6091: result: /bin/sed
configure:6109: checking for fgrep
configure:6171: result: /bin/grep -F
configure:6206: checking for ld used by gcc
configure:6273: result: /usr/bin/ld
configure:6280: checking if the linker (/usr/bin/ld) is GNU ld
configure:6295: result: yes
configure:6307: checking for BSD- or MS-compatible name lister (nm)
configure:6361: result: /usr/bin/nm -B
configure:6491: checking the name lister (/usr/bin/nm -B) interface
configure:6498: gcc -c -g -O2  conftest.c >&5
configure:6501: /usr/bin/nm -B "conftest.o"
configure:6504: output
0000000000000000 B some_variable
configure:6511: result: BSD nm
configure:6515: checking the maximum length of command line arguments
configure:6646: result: 1572864
configure:6694: checking how to convert x86_64-pc-linux-gnu file names to x86_64-pc-linux-gnu format
configure:6734: result: func_convert_file_noop
configure:6741: checking how to convert x86_64-pc-linux-gnu file names to toolchain format
configure:6761: result: func_convert_file_noop
configure:6768: checking for /usr/bin/ld option to reload object files
configure:6775: result: -r
configure:6849: checking for objdump
configure:6865: found /usr/bin/objdump
configure:6876: result: objdump
configure:6908: checking how to recognize dependent libraries
configure:7108: result: pass_all
configure:7193: checking for dlltool
configure:7223: result: no
configure:7253: checking how to associate runtime and link libraries
configure:7280: result: printf %s\n
configure:7340: checking for ar
configure:7356: found /usr/bin/ar
configure:7367: result: ar
configure:7404: checking for archiver @FILE support
configure:7421: gcc -c -g -O2  conftest.c >&5
configure:7421: $? = 0
configure:7424: ar cru libconftest.a @conftest.lst >&5
ar: `u' modifier ignored since `D' is the default (see `U')
configure:7427: $? = 0
configure:7432: ar cru libconftest.a @conftest.lst >&5
ar: `u' modifier ignored since `D' is the default (see `U')
ar: conftest.o: No such file or directory
configure:7435: $? = 1
configure:7447: result: @
configure:7505: checking for strip
configure:7521: found /usr/bin/strip
configure:7532: result: strip
configure:7604: checking for ranlib
configure:7631: result: ranlib
configure:7733: checking command to parse /usr/bin/nm -B output from gcc object
configure:7886: gcc -c -g -O2  conftest.c >&5
configure:7889: $? = 0
configure:7893: /usr/bin/nm -B conftest.o \| sed -n -e 's/^.*[ ]\([ABCDGIRSTW][ABCDGIRSTW]*\)[ ][ ]*\([_A-Za-z][_A-Za-z0-9]*\)$/\1 \2 \2/p' | sed '/ __gnu_lto/d' \> conftest.nm
configure:7896: $? = 0
configure:7962: gcc -o conftest -g -O2   conftest.c conftstm.o >&5
configure:7965: $? = 0
configure:8003: result: ok
configure:8050: checking for sysroot
configure:8080: result: no
configure:8087: checking for a working dd
configure:8125: result: /bin/dd
configure:8129: checking how to truncate binary pipes
configure:8144: result: /bin/dd bs=4096 count=1
configure:8280: gcc -c -g -O2  conftest.c >&5
configure:8283: $? = 0
configure:8473: checking for mt
configure:8489: found /bin/mt
configure:8500: result: mt
configure:8523: checking if mt is a manifest tool
configure:8529: mt '-?'
configure:8537: result: no
configure:9211: checking for dlfcn.h
configure:9211: gcc -c -g -O2  conftest.c >&5
configure:9211: $? = 0
configure:9211: result: yes
configure:9477: checking for objdir
configure:9492: result: .libs
configure:9756: checking if gcc supports -fno-rtti -fno-exceptions
configure:9774: gcc -c -g -O2  -fno-rtti -fno-exceptions conftest.c >&5
cc1: warning: command line option '-fno-rtti' is valid for C++/ObjC++ but not for C
configure:9778: $? = 0
configure:9791: result: no
configure:10149: checking for gcc option to produce PIC
configure:10156: result: -fPIC -DPIC
configure:10164: checking if gcc PIC flag -fPIC -DPIC works
configure:10182: gcc -c -g -O2  -fPIC -DPIC -DPIC conftest.c >&5
configure:10186: $? = 0
configure:10199: result: yes
configure:10228: checking if gcc static flag -static works
configure:10256: result: yes
configure:10271: checking if gcc supports -c -o file.o
configure:10292: gcc -c -g -O2  -o out/conftest2.o conftest.c >&5
configure:10296: $? = 0
configure:10318: result: yes
configure:10326: checking if gcc supports -c -o file.o
configure:10373: result: yes
configure:10406: checking whether the gcc linker (/usr/bin/ld -m elf_x86_64) supports shared libraries
configure:11669: result: yes
configure:11706: checking whether -lc should be explicitly linked in
configure:11714: gcc -c -g -O2  conftest.c >&5
configure:11717: $? = 0
configure:11732: gcc -shared  -fPIC -DPIC conftest.o  -v -Wl,-soname -Wl,conftest -o conftest 2\>\&1 \| /bin/grep  -lc  \>/dev/null 2\>\&1
configure:11735: $? = 0
configure:11749: result: no
configure:11909: checking dynamic linker characteristics
configure:12490: gcc -o conftest -g -O2   -Wl,-rpath -Wl,/foo conftest.c  >&5
configure:12490: $? = 0
configure:12739: result: GNU/Linux ld.so
configure:12861: checking how to hardcode library paths into programs
configure:12886: result: immediate
configure:13434: checking whether stripping libraries is possible
configure:13439: result: yes
configure:13474: checking if libtool supports shared libraries
configure:13476: result: yes
configure:13479: checking whether to build shared libraries
configure:13504: result: yes
configure:13507: checking whether to build static libraries
configure:13511: result: yes
configure:13534: checking how to run the C++ preprocessor
configure:13561: g++ -E  conftest.cpp
configure:13561: $? = 0
configure:13575: g++ -E  conftest.cpp
conftest.cpp:35:28: fatal error: ac_nonexistent.h: No such file or directory
compilation terminated.
configure:13575: $? = 1
configure: failed program was:
| /* confdefs.h */
| #define PACKAGE_NAME "utillib"
| #define PACKAGE_TARNAME "utillib"
| #define PACKAGE_VERSION "0.0.1"
| #define PACKAGE_STRING "utillib 0.0.1"
| #define PACKAGE_BUGREPORT "cgsdfc@126.com"
| #define PACKAGE_URL ""
| #define STDC_HEADERS 1
| #define HAVE_SYS_TYPES_H 1
| #define HAVE_SYS_STAT_H 1
| #define HAVE_STDLIB_H 1
| #define HAVE_STRING_H 1
| #define HAVE_MEMORY_H 1
| #define HAVE_STRINGS_H 1
| #define HAVE_INTTYPES_H 1
| #define HAVE_STDINT_H 1
| #define HAVE_UNISTD_H 1
| #define HAVE_FLOAT_H 1
| #define HAVE_STDDEF_H 1
| #define HAVE_STDLIB_H 1
| #define HAVE_STRING_H 1
| #define HAVE__BOOL 1
| #define HAVE_STDLIB_H 1
| #define HAVE_MALLOC 1
| #define HAVE_STDLIB_H 1
| #define HAVE_REALLOC 1
| #define HAVE_MEMSET 1
| #define HAVE_STRDUP 1
| #define HAVE_STRERROR 1
| #define PACKAGE "utillib"
| #define VERSION "0.0.1"
| #define HAVE_DLFCN_H 1
| #define LT_OBJDIR ".libs/"
| /* end confdefs.h.  */
| #include <ac_nonexistent.h>
configure:13600: result: g++ -E
configure:13620: g++ -E  conftest.cpp
configure:13620: $? = 0
configure:13634: g++ -E  conftest.cpp
conftest.cpp:35:28: fatal error: ac_nonexistent.h: No such file or directory
compilation terminated.
configure:13634: $? = 1
configure: failed program was:
| /* confdefs.h */
| #define PACKAGE_NAME "utillib"
| #define PACKAGE_TARNAME "utillib"
| #define PACKAGE_VERSION "0.0.1"
| #define PACKAGE_STRING "utillib 0.0.1"
| #define PACKAGE_BUGREPORT "cgsdfc@126.com"
| #define PACKAGE_URL ""
| #define STDC_HEADERS 1
| #define HAVE_SYS_TYPES_H 1
| #define HAVE_SYS_STAT_H 1
| #define HAVE_STDLIB_H 1
| #define HAVE_STRING_H 1
| #define HAVE_MEMORY_H 1
| #define HAVE_STRINGS_H 1
| #define HAVE_INTTYPES_H 1
| #define HAVE_STDINT_H 1
| #define HAVE_UNISTD_H 1
| #define HAVE_FLOAT_H 1
| #define HAVE_STDDEF_H 1
| #define HAVE_STDLIB_H 1
| #define HAVE_STRING_H 1
| #define HAVE__BOOL 1
| #define HAVE_STDLIB_H 1
| #define HAVE_MALLOC 1
| #define HAVE_STDLIB_H 1
| #define HAVE_REALLOC 1
| #define HAVE_MEMSET 1
| #define HAVE_STRDUP 1
| #define HAVE_STRERROR 1
| #define PACKAGE "utillib"
| #define VERSION "0.0.1"
| #define HAVE_DLFCN_H 1
| #define LT_OBJDIR ".libs/"
| /* end confdefs.h.  */
| #include <ac_nonexistent.h>
configure:13796: checking for ld used by g++
configure:13863: result: /usr/bin/ld -m elf_x86_64
configure:13870: checking if the linker (/usr/bin/ld -m elf_x86_64) is GNU ld
configure:13885: result: yes
configure:13940: checking whether the g++ linker (/usr/bin/ld -m elf_x86_64) supports shared libraries
configure:15013: result: yes
configure:15049: g++ -c -g -O2  conftest.cpp >&5
configure:15052: $? = 0
configure:15533: checking for g++ option to produce PIC
configure:15540: result: -fPIC -DPIC
configure:15548: checking if g++ PIC flag -fPIC -DPIC works
configure:15566: g++ -c -g -O2  -fPIC -DPIC -DPIC conftest.cpp >&5
configure:15570: $? = 0
configure:15583: result: yes
configure:15606: checking if g++ static flag -static works
configure:15634: result: yes
configure:15646: checking if g++ supports -c -o file.o
configure:15667: g++ -c -g -O2  -o out/conftest2.o conftest.cpp >&5
configure:15671: $? = 0
configure:15693: result: yes
configure:15698: checking if g++ supports -c -o file.o
configure:15745: result: yes
configure:15775: checking whether the g++ linker (/usr/bin/ld -m elf_x86_64) supports shared libraries
configure:15818: result: yes
configure:15959: checking dynamic linker characteristics
configure:16716: result: GNU/Linux ld.so
configure:16781: checking how to hardcode library paths into programs
configure:16806: result: immediate
configure:16976: checking that generated files are newer than configure
configure:16982: result: done
configure:17009: creating ./config.status

## ---------------------- ##
## Running config.status. ##
## ---------------------- ##

This file was extended by utillib config.status 0.0.1, which was
generated by GNU Autoconf 2.69.  Invocation command line was

  CONFIG_FILES    = 
  CONFIG_HEADERS  = 
  CONFIG_LINKS    = 
  CONFIG_COMMANDS = 
  $ ./config.status 

on cgsdfc

config.status:1159: creating Makefile
config.status:1159: creating config.h
config.status:1340: config.h is unchanged
config.status:1388: executing depfiles commands
config.status:1388: executing libtool commands

## ---------------- ##
## Cache variables. ##
## ---------------- ##

ac_cv_build=x86_64-pc-linux-gnu
ac_cv_c_compiler_gnu=yes
ac_cv_c_inline=inline
ac_cv_cxx_compiler_gnu=yes
ac_cv_env_CCC_set=
ac_cv_env_CCC_value=
ac_cv_env_CC_set=
ac_cv_env_CC_value=
ac_cv_env_CFLAGS_set=
ac_cv_env_CFLAGS_value=
ac_cv_env_CPPFLAGS_set=
ac_cv_env_CPPFLAGS_value=
ac_cv_env_CPP_set=
ac_cv_env_CPP_value=
ac_cv_env_CXXCPP_set=
ac_cv_env_CXXCPP_value=
ac_cv_env_CXXFLAGS_set=
ac_cv_env_CXXFLAGS_value=
ac_cv_env_CXX_set=
ac_cv_env_CXX_value=
ac_cv_env_LDFLAGS_set=
ac_cv_env_LDFLAGS_value=
ac_cv_env_LIBS_set=
ac_cv_env_LIBS_value=
ac_cv_env_LT_SYS_LIBRARY_PATH_set=
ac_cv_env_LT_SYS_LIBRARY_PATH_value=
ac_cv_env_build_alias_set=
ac_cv_env_build_alias_value=
ac_cv_env_host_alias_set=
ac_cv_env_host_alias_value=
ac_cv_env_target_alias_set=
ac_cv_env_target_alias_value=
ac_cv_func_malloc_0_nonnull=yes
ac_cv_func_memset=yes
ac_cv_func_realloc_0_nonnull=yes
ac_cv_func_strdup=yes
ac_cv_func_strerror=yes
ac_cv_header_dlfcn_h=yes
ac_cv_header_float_h=yes
ac_cv_header_inttypes_h=yes
ac_cv_header_memory_h=yes
ac_cv_header_stdbool_h=yes
ac_cv_header_stdc=yes
ac_cv_header_stddef_h=yes
ac_cv_header_stdint_h=yes
ac_cv_header_stdlib_h=yes
ac_cv_header_string_h=yes
ac_cv_header_strings_h=yes
ac_cv_header_sys_stat_h=yes
ac_cv_header_sys_types_h=yes
ac_cv_header_unistd_h=yes
ac_cv_host=x86_64-pc-linux-gnu
ac_cv_objext=o
ac_cv_path_EGREP='/bin/grep -E'
ac_cv_path_FGREP='/bin/grep -F'
ac_cv_path_GREP=/bin/grep
ac_cv_path_SED=/bin/sed
ac_cv_path_install='/usr/bin/install -c'
ac_cv_path_lt_DD=/bin/dd
ac_cv_path_mkdir=/bin/mkdir
ac_cv_prog_AWK=mawk
ac_cv_prog_CPP='gcc -E'
ac_cv_prog_CXXCPP='g++ -E'
ac_cv_prog_ac_ct_AR=ar
ac_cv_prog_ac_ct_CC=gcc
ac_cv_prog_ac_ct_CXX=g++
ac_cv_prog_ac_ct_MANIFEST_TOOL=mt
ac_cv_prog_ac_ct_OBJDUMP=objdump
ac_cv_prog_ac_ct_RANLIB=ranlib
ac_cv_prog_ac_ct_STRIP=strip
ac_cv_prog_cc_c89=
ac_cv_prog_cc_g=yes
ac_cv_prog_cxx_g=yes
ac_cv_prog_make_make_set=yes
ac_cv_type__Bool=yes
ac_cv_type_size_t=yes
am_cv_CC_dependencies_compiler_type=gcc3
am_cv_CXX_dependencies_compiler_type=gcc3
am_cv_make_support_nested_variables=yes
am_cv_prog_cc_c_o=yes
lt_cv_ar_at_file=@
lt_cv_archive_cmds_need_lc=no
lt_cv_deplibs_check_method=pass_all
lt_cv_file_magic_cmd='$MAGIC_CMD'
lt_cv_file_magic_test_file=
lt_cv_ld_reload_flag=-r
lt_cv_nm_interface='BSD nm'
lt_cv_objdir=.libs
lt_cv_path_LD=/usr/bin/ld
lt_cv_path_LDCXX='/usr/bin/ld -m elf_x86_64'
lt_cv_path_NM='/usr/bin/nm -B'
lt_cv_path_mainfest_tool=no
lt_cv_prog_compiler_c_o=yes
lt_cv_prog_compiler_c_o_CXX=yes
lt_cv_prog_compiler_pic='-fPIC -DPIC'
lt_cv_prog_compiler_pic_CXX='-fPIC -DPIC'
lt_cv_prog_compiler_pic_works=yes
lt_cv_prog_compiler_pic_works_CXX=yes
lt_cv_prog_compiler_rtti_exceptions=no
lt_cv_prog_compiler_static_works=yes
lt_cv_prog_compiler_static_works_CXX=yes
lt_cv_prog_gnu_ld=yes
lt_cv_prog_gnu_ldcxx=yes
lt_cv_sharedlib_from_linklib_cmd='printf %s\n'
lt_cv_shlibpath_overrides_runpath=no
lt_cv_sys_global_symbol_pipe='sed -n -e '\''s/^.*[	 ]\([ABCDGIRSTW][ABCDGIRSTW]*\)[	 ][	 ]*\([_A-Za-z][_A-Za-z0-9]*\)$/\1 \2 \2/p'\'' | sed '\''/ __gnu_lto/d'\'''
lt_cv_sys_global_symbol_to_c_name_address='sed -n -e '\''s/^: \(.*\) .*$/  {"\1", (void *) 0},/p'\'' -e '\''s/^[ABCDGIRSTW][ABCDGIRSTW]* .* \(.*\)$/  {"\1", (void *) \&\1},/p'\'''
lt_cv_sys_global_symbol_to_c_name_address_lib_prefix='sed -n -e '\''s/^: \(.*\) .*$/  {"\1", (void *) 0},/p'\'' -e '\''s/^[ABCDGIRSTW][ABCDGIRSTW]* .* \(lib.*\)$/  {"\1", (void *) \&\1},/p'\'' -e '\''s/^[ABCDGIRSTW][ABCDGIRSTW]* .* \(.*\)$/  {"lib\1", (void *) \&\1},/p'\'''
lt_cv_sys_global_symbol_to_cdecl='sed -n -e '\''s/^T .* \(.*\)$/extern int \1();/p'\'' -e '\''s/^[ABCDGIRSTW][ABCDGIRSTW]* .* \(.*\)$/extern char \1;/p'\'''
lt_cv_sys_global_symbol_to_import=
lt_cv_sys_max_cmd_len=1572864
lt_cv_to_host_file_cmd=func_convert_file_noop
lt_cv_to_tool_file_cmd=func_convert_file_noop
lt_cv_truncate_bin='/bin/dd bs=4096 count=1'

## ----------------- ##
## Output variables. ##
## ----------------- ##

ACLOCAL='${SHELL} /home/cgsdfc/cmplr/src/utillib/missing aclocal-1.15'
AMDEPBACKSLASH='\'
AMDEP_FALSE='#'
AMDEP_TRUE=''
AMTAR='$${TAR-tar}'
AM_BACKSLASH='\'
AM_DEFAULT_V='$(AM_DEFAULT_VERBOSITY)'
AM_DEFAULT_VERBOSITY='1'
AM_V='$(V)'
AR='ar'
AUTOCONF='${SHELL} /home/cgsdfc/cmplr/src/utillib/missing autoconf'
AUTOHEADER='${SHELL} /home/cgsdfc/cmplr/src/utillib/missing autoheader'
AUTOMAKE='${SHELL} /home/cgsdfc/cmplr/src/utillib/missing automake-1.15'
AWK='mawk'
CC='gcc'
CCDEPMODE='depmode=gcc3'
CFLAGS='-g -O2'
CPP='gcc -E'
CPPFLAGS=''
CXX='g++'
CXXCPP='g++ -E'
CXXDEPMODE='depmode=gcc3'
CXXFLAGS='-g -O2'
CYGPATH_W='echo'
DEFS='-DHAVE_CONFIG_H'
DEPDIR='.deps'
DLLTOOL='false'
DSYMUTIL=''
DUMPBIN=''
ECHO_C=''
ECHO_N='-n'
ECHO_T=''
EGREP='/bin/grep -E'
EXEEXT=''
FGREP='/bin/grep -F'
GREP='/bin/grep'
INSTALL_DATA='${INSTALL} -m 644'
INSTALL_PROGRAM='${INSTALL}'
INSTALL_SCRIPT='${INSTALL}'
INSTALL_STRIP_PROGRAM='$(install_sh) -c -s'
LD='/usr/bin/ld -m elf_x86_64'
LDFLAGS=''
LIBOBJS=''
LIBS=''
LIBTOOL='$(SHELL) $(top_builddir)/libtool'
LIPO=''
LN_S='ln -s'
LTLIBOBJS=''
LT_SYS_LIBRARY_PATH=''
MAKEINFO='${SHELL} /home/cgsdfc/cmplr/src/utillib/missing makeinfo'
MANIFEST_TOOL=':'
MKDIR_P='/bin/mkdir -p'
NM='/usr/bin/nm -B'
NMEDIT=''
OBJDUMP='objdump'
OBJEXT='o'
OTOOL64=''
OTOOL=''
PACKAGE='utillib'
PACKAGE_BUGREPORT='cgsdfc@126.com'
PACKAGE_NAME='utillib'
PACKAGE_STRING='utillib 0.0.1'
PACKAGE_TARNAME='utillib'
PACKAGE_URL=''
PACKAGE_VERSION='0.0.1'
PATH_SEPARATOR=':'
RANLIB='ranlib'
SED='/bin/sed'
SET_MAKE=''
SHELL='/bin/bash'
STRIP='strip'
VERSION='0.0.1'
ac_ct_AR='ar'
ac_ct_CC='gcc'
ac_ct_CXX='g++'
ac_ct_DUMPBIN=''
am__EXEEXT_FALSE=''
am__EXEEXT_TRUE='#'
am__fastdepCC_FALSE='#'
am__fastdepCC_TRUE=''
am__fastdepCXX_FALSE='#'
am__fastdepCXX_TRUE=''
am__include='include'
am__isrc=''
am__leading_dot='.'
am__nodep='_no'
am__quote=''
am__tar='$${TAR-tar} chof - "$$tardir"'
am__untar='$${TAR-tar} xf -'
bindir='${exec_prefix}/bin'
build='x86_64-pc-linux-gnu'
build_alias=''
build_cpu='x86_64'
build_os='linux-gnu'
build_vendor='pc'
datadir='${datarootdir}'
datarootdir='${prefix}/share'
docdir='${datarootdir}/doc/${PACKAGE_TARNAME}'
dvidir='${docdir}'
exec_prefix='${prefix}'
host='x86_64-pc-linux-gnu'
host_alias=''
host_cpu='x86_64'
host_os='linux-gnu'
host_vendor='pc'
htmldir='${docdir}'
includedir='${prefix}/include'
infodir='${datarootdir}/info'
install_sh='${SHELL} /home/cgsdfc/cmplr/src/utillib/install-sh'
libdir='${exec_prefix}/lib'
libexecdir='${exec_prefix}/libexec'
localedir='${datarootdir}/locale'
localstatedir='${prefix}/var'
mandir='${datarootdir}/man'
mkdir_p='$(MKDIR_P)'
oldincludedir='/usr/include'
pdfdir='${docdir}'
prefix='/usr/local'
program_transform_name='s,x,x,'
psdir='${docdir}'
runstatedir='${localstatedir}/run'
sbindir='${exec_prefix}/sbin'
sharedstatedir='${prefix}/com'
sysconfdir='${prefix}/etc'
target_alias=''

## ----------- ##
## confdefs.h. ##
## ----------- ##

/* confdefs.h */
#define PACKAGE_NAME "utillib"
#define PACKAGE_TARNAME "utillib"
#define PACKAGE_VERSION "0.0.1"
#define PACKAGE_STRING "utillib 0.0.1"
#define PACKAGE_BUGREPORT "cgsdfc@126.com"
#define PACKAGE_URL ""
#define STDC_HEADERS 1
#define HAVE_SYS_TYPES_H 1
#define HAVE_SYS_STAT_H 1
#define HAVE_STDLIB_H 1
#define HAVE_STRING_H 1
#define HAVE_MEMORY_H 1
#define HAVE_STRINGS_H 1
#define HAVE_INTTYPES_H 1
#define HAVE_STDINT_H 1
#define HAVE_UNISTD_H 1
#define HAVE_FLOAT_H 1
#define HAVE_STDDEF_H 1
#define HAVE_STDLIB_H 1
#define HAVE_STRING_H 1
#define HAVE__BOOL 1
#define HAVE_STDLIB_H 1
#define HAVE_MALLOC 1
#define HAVE_STDLIB_H 1
#define HAVE_REALLOC 1
#define HAVE_MEMSET 1
#define HAVE_STRDUP 1
#define HAVE_STRERROR 1
#define PACKAGE "utillib"
#define VERSION "0.0.1"
#define HAVE_DLFCN_H 1
#define LT_OBJDIR ".libs/"

configure: exit 0
