>>>>>>>>> grammar rules for quick <<<<<<<<<<<

S := N 

N := V = E 

	| E 

V := x 

	| * E 

E := V 


I[0]
S :=  ^ N
N :=  ^ V = E
N :=  ^ E
V :=  ^ x
V :=  ^ * E
E :=  ^ V

I[1]
S :=  N ^

I[2]
N :=  V ^ = E
E :=  V ^

I[3]
N :=  E ^

I[4]
V :=  x ^

I[5]
V :=  ^ x
V :=  ^ * E
E :=  ^ V
V :=  * ^ E

I[6]
V :=  ^ x
V :=  ^ * E
E :=  ^ V
N :=  V = ^ E

I[7]
E :=  V ^

I[8]
V :=  * E ^

I[9]
N :=  V = E ^

	S	N	V	E	=	x	*
I[0]	 -1	  1	  2	  3	 -1	  4	  5
I[1]	 -1	 -1	 -1	 -1	 -1	 -1	 -1
I[2]	 -1	 -1	 -1	 -1	  6	 -1	 -1
I[3]	 -1	 -1	 -1	 -1	 -1	 -1	 -1
I[4]	 -1	 -1	 -1	 -1	 -1	 -1	 -1
I[5]	 -1	 -1	  7	  8	 -1	  4	  5
I[6]	 -1	 -1	  7	  9	 -1	  4	  5
I[7]	 -1	 -1	 -1	 -1	 -1	 -1	 -1
I[8]	 -1	 -1	 -1	 -1	 -1	 -1	 -1
I[9]	 -1	 -1	 -1	 -1	 -1	 -1	 -1
